[26-Sep-2023 17:06:43 UTC] PHP Fatal error:  Uncaught Error: Call to undefined function get_field() in C:\Users\brand\Local Sites\header-1\app\public\wp-content\themes\DiseñoPagina\functions.php:42
Stack trace:
#0 C:\Users\brand\Local Sites\header-1\app\public\wp-includes\class-wp-hook.php(310): fincaldea_hero_imagen('')
#1 C:\Users\brand\Local Sites\header-1\app\public\wp-includes\class-wp-hook.php(334): WP_Hook->apply_filters(NULL, Array)
#2 C:\Users\brand\Local Sites\header-1\app\public\wp-includes\plugin.php(517): WP_Hook->do_action(Array)
#3 C:\Users\brand\Local Sites\header-1\app\public\wp-settings.php(632): do_action('init')
#4 C:\Users\brand\Local Sites\header-1\app\public\wp-config.php(103): require_once('C:\\Users\\brand\\...')
#5 C:\Users\brand\Local Sites\header-1\app\public\wp-load.php(50): require_once('C:\\Users\\brand\\...')
#6 C:\Users\brand\Local Sites\header-1\app\public\wp-admin\admin.php(34): require_once('C:\\Users\\brand\\...')
#7 C:\Users\brand\Local Sites\header-1\app\public\wp-admin\themes.php(10): require_once('C:\\Users\\brand\\...')
#8 {main}
  thrown in C:\Users\brand\Local Sites\header-1\app\public\wp-content\themes\DiseñoPagina\functions.php on line 42
[26-Sep-2023 17:06:43 UTC] PHP Warning:  Trying to access array offset on value of type bool in C:\Users\brand\Local Sites\header-1\app\public\wp-includes\class-wp-recovery-mode-email-service.php on line 367
[26-Sep-2023 17:06:43 UTC] PHP Warning:  Trying to access array offset on value of type bool in C:\Users\brand\Local Sites\header-1\app\public\wp-includes\class-wp-recovery-mode-email-service.php on line 368
[03-Oct-2023 23:36:42 UTC] PHP Warning:  Trying to access array offset on value of type bool in C:\Users\brand\Local Sites\header-1\app\public\wp-content\themes\DiseñoPagina\functions.php on line 45
[03-Oct-2023 23:36:42 UTC] PHP Warning:  Trying to access array offset on value of type bool in C:\Users\brand\Local Sites\header-1\app\public\wp-content\themes\DiseñoPagina\functions.php on line 46
[03-Oct-2023 23:36:42 UTC] PHP Warning:  Trying to access array offset on value of type bool in C:\Users\brand\Local Sites\header-1\app\public\wp-content\themes\DiseñoPagina\functions.php on line 45
[03-Oct-2023 23:36:42 UTC] PHP Warning:  Trying to access array offset on value of type bool in C:\Users\brand\Local Sites\header-1\app\public\wp-content\themes\DiseñoPagina\functions.php on line 46
[03-Oct-2023 23:36:42 UTC] PHP Warning:  Trying to access array offset on value of type bool in C:\Users\brand\Local Sites\header-1\app\public\wp-content\themes\DiseñoPagina\functions.php on line 45
[03-Oct-2023 23:36:42 UTC] PHP Warning:  Trying to access array offset on value of type bool in C:\Users\brand\Local Sites\header-1\app\public\wp-content\themes\DiseñoPagina\functions.php on line 46
[03-Oct-2023 23:36:44 UTC] PHP Warning:  Trying to access array offset on value of type bool in C:\Users\brand\Local Sites\header-1\app\public\wp-content\themes\DiseñoPagina\functions.php on line 45
[03-Oct-2023 23:36:44 UTC] PHP Warning:  Trying to access array offset on value of type bool in C:\Users\brand\Local Sites\header-1\app\public\wp-content\themes\DiseñoPagina\functions.php on line 46
[03-Oct-2023 23:36:44 UTC] PHP Warning:  Trying to access array offset on value of type bool in C:\Users\brand\Local Sites\header-1\app\public\wp-content\themes\DiseñoPagina\functions.php on line 45
[03-Oct-2023 23:36:44 UTC] PHP Warning:  Trying to access array offset on value of type bool in C:\Users\brand\Local Sites\header-1\app\public\wp-content\themes\DiseñoPagina\functions.php on line 46
[03-Oct-2023 23:36:59 UTC] PHP Warning:  Trying to access array offset on value of type bool in C:\Users\brand\Local Sites\header-1\app\public\wp-content\themes\DiseñoPagina\functions.php on line 45
[03-Oct-2023 23:36:59 UTC] PHP Warning:  Trying to access array offset on value of type bool in C:\Users\brand\Local Sites\header-1\app\public\wp-content\themes\DiseñoPagina\functions.php on line 46
[03-Oct-2023 23:37:00 UTC] PHP Warning:  Trying to access array offset on value of type bool in C:\Users\brand\Local Sites\header-1\app\public\wp-content\themes\DiseñoPagina\functions.php on line 45
[03-Oct-2023 23:37:00 UTC] PHP Warning:  Trying to access array offset on value of type bool in C:\Users\brand\Local Sites\header-1\app\public\wp-content\themes\DiseñoPagina\functions.php on line 46
[03-Oct-2023 23:37:03 UTC] PHP Warning:  Trying to access array offset on value of type bool in C:\Users\brand\Local Sites\header-1\app\public\wp-content\themes\DiseñoPagina\functions.php on line 45
[03-Oct-2023 23:37:03 UTC] PHP Warning:  Trying to access array offset on value of type bool in C:\Users\brand\Local Sites\header-1\app\public\wp-content\themes\DiseñoPagina\functions.php on line 46
[03-Oct-2023 23:37:03 UTC] PHP Warning:  Trying to access array offset on value of type bool in C:\Users\brand\Local Sites\header-1\app\public\wp-content\themes\DiseñoPagina\functions.php on line 45
[03-Oct-2023 23:37:03 UTC] PHP Warning:  Trying to access array offset on value of type bool in C:\Users\brand\Local Sites\header-1\app\public\wp-content\themes\DiseñoPagina\functions.php on line 46
[03-Oct-2023 23:37:03 UTC] PHP Warning:  Trying to access array offset on value of type bool in C:\Users\brand\Local Sites\header-1\app\public\wp-content\themes\DiseñoPagina\functions.php on line 45
[03-Oct-2023 23:37:03 UTC] PHP Warning:  Trying to access array offset on value of type bool in C:\Users\brand\Local Sites\header-1\app\public\wp-content\themes\DiseñoPagina\functions.php on line 46
[03-Oct-2023 23:37:07 UTC] PHP Warning:  Trying to access array offset on value of type bool in C:\Users\brand\Local Sites\header-1\app\public\wp-content\themes\DiseñoPagina\functions.php on line 45
[03-Oct-2023 23:37:07 UTC] PHP Warning:  Trying to access array offset on value of type bool in C:\Users\brand\Local Sites\header-1\app\public\wp-content\themes\DiseñoPagina\functions.php on line 46
[03-Oct-2023 23:37:29 UTC] PHP Warning:  Trying to access array offset on value of type bool in C:\Users\brand\Local Sites\header-1\app\public\wp-content\themes\DiseñoPagina\functions.php on line 45
[03-Oct-2023 23:37:29 UTC] PHP Warning:  Trying to access array offset on value of type bool in C:\Users\brand\Local Sites\header-1\app\public\wp-content\themes\DiseñoPagina\functions.php on line 46
[03-Oct-2023 23:37:31 UTC] PHP Warning:  Trying to access array offset on value of type bool in C:\Users\brand\Local Sites\header-1\app\public\wp-content\themes\DiseñoPagina\functions.php on line 45
[03-Oct-2023 23:37:31 UTC] PHP Warning:  Trying to access array offset on value of type bool in C:\Users\brand\Local Sites\header-1\app\public\wp-content\themes\DiseñoPagina\functions.php on line 46
[03-Oct-2023 23:37:31 UTC] PHP Warning:  Trying to access array offset on value of type bool in C:\Users\brand\Local Sites\header-1\app\public\wp-content\themes\DiseñoPagina\functions.php on line 45
[03-Oct-2023 23:37:31 UTC] PHP Warning:  Trying to access array offset on value of type bool in C:\Users\brand\Local Sites\header-1\app\public\wp-content\themes\DiseñoPagina\functions.php on line 46
[03-Oct-2023 23:37:31 UTC] PHP Warning:  Trying to access array offset on value of type bool in C:\Users\brand\Local Sites\header-1\app\public\wp-content\themes\DiseñoPagina\functions.php on line 45
[03-Oct-2023 23:37:31 UTC] PHP Warning:  Trying to access array offset on value of type bool in C:\Users\brand\Local Sites\header-1\app\public\wp-content\themes\DiseñoPagina\functions.php on line 46
[03-Oct-2023 23:37:39 UTC] PHP Warning:  Trying to access array offset on value of type bool in C:\Users\brand\Local Sites\header-1\app\public\wp-content\themes\DiseñoPagina\functions.php on line 45
[03-Oct-2023 23:37:39 UTC] PHP Warning:  Trying to access array offset on value of type bool in C:\Users\brand\Local Sites\header-1\app\public\wp-content\themes\DiseñoPagina\functions.php on line 46
[03-Oct-2023 23:37:39 UTC] PHP Warning:  Trying to access array offset on value of type bool in C:\Users\brand\Local Sites\header-1\app\public\wp-content\themes\DiseñoPagina\functions.php on line 45
[03-Oct-2023 23:37:39 UTC] PHP Warning:  Trying to access array offset on value of type bool in C:\Users\brand\Local Sites\header-1\app\public\wp-content\themes\DiseñoPagina\functions.php on line 46
[03-Oct-2023 23:37:39 UTC] PHP Warning:  Trying to access array offset on value of type bool in C:\Users\brand\Local Sites\header-1\app\public\wp-content\themes\DiseñoPagina\functions.php on line 45
[03-Oct-2023 23:37:39 UTC] PHP Warning:  Trying to access array offset on value of type bool in C:\Users\brand\Local Sites\header-1\app\public\wp-content\themes\DiseñoPagina\functions.php on line 46
[03-Oct-2023 23:37:41 UTC] PHP Warning:  Trying to access array offset on value of type bool in C:\Users\brand\Local Sites\header-1\app\public\wp-content\themes\DiseñoPagina\functions.php on line 45
[03-Oct-2023 23:37:41 UTC] PHP Warning:  Trying to access array offset on value of type bool in C:\Users\brand\Local Sites\header-1\app\public\wp-content\themes\DiseñoPagina\functions.php on line 46
[03-Oct-2023 23:37:43 UTC] PHP Warning:  Trying to access array offset on value of type bool in C:\Users\brand\Local Sites\header-1\app\public\wp-content\themes\DiseñoPagina\functions.php on line 45
[03-Oct-2023 23:37:43 UTC] PHP Warning:  Trying to access array offset on value of type bool in C:\Users\brand\Local Sites\header-1\app\public\wp-content\themes\DiseñoPagina\functions.php on line 46
[03-Oct-2023 23:38:35 UTC] PHP Warning:  Trying to access array offset on value of type bool in C:\Users\brand\Local Sites\header-1\app\public\wp-content\themes\DiseñoPagina\functions.php on line 45
[03-Oct-2023 23:38:35 UTC] PHP Warning:  Trying to access array offset on value of type bool in C:\Users\brand\Local Sites\header-1\app\public\wp-content\themes\DiseñoPagina\functions.php on line 46
[03-Oct-2023 23:38:36 UTC] PHP Warning:  Trying to access array offset on value of type bool in C:\Users\brand\Local Sites\header-1\app\public\wp-content\themes\DiseñoPagina\functions.php on line 45
[03-Oct-2023 23:38:36 UTC] PHP Warning:  Trying to access array offset on value of type bool in C:\Users\brand\Local Sites\header-1\app\public\wp-content\themes\DiseñoPagina\functions.php on line 46
[03-Oct-2023 23:38:42 UTC] PHP Warning:  Trying to access array offset on value of type bool in C:\Users\brand\Local Sites\header-1\app\public\wp-content\themes\DiseñoPagina\functions.php on line 45
[03-Oct-2023 23:38:42 UTC] PHP Warning:  Trying to access array offset on value of type bool in C:\Users\brand\Local Sites\header-1\app\public\wp-content\themes\DiseñoPagina\functions.php on line 46
[03-Oct-2023 23:38:42 UTC] PHP Warning:  Trying to access array offset on value of type bool in C:\Users\brand\Local Sites\header-1\app\public\wp-content\themes\DiseñoPagina\functions.php on line 45
[03-Oct-2023 23:38:42 UTC] PHP Warning:  Trying to access array offset on value of type bool in C:\Users\brand\Local Sites\header-1\app\public\wp-content\themes\DiseñoPagina\functions.php on line 46
[03-Oct-2023 23:38:45 UTC] PHP Warning:  Trying to access array offset on value of type bool in C:\Users\brand\Local Sites\header-1\app\public\wp-content\themes\DiseñoPagina\functions.php on line 45
[03-Oct-2023 23:38:45 UTC] PHP Warning:  Trying to access array offset on value of type bool in C:\Users\brand\Local Sites\header-1\app\public\wp-content\themes\DiseñoPagina\functions.php on line 46
[03-Oct-2023 23:38:45 UTC] PHP Warning:  Trying to access array offset on value of type bool in C:\Users\brand\Local Sites\header-1\app\public\wp-content\themes\DiseñoPagina\functions.php on line 45
[03-Oct-2023 23:38:45 UTC] PHP Warning:  Trying to access array offset on value of type bool in C:\Users\brand\Local Sites\header-1\app\public\wp-content\themes\DiseñoPagina\functions.php on line 46
